f:\co_so_nganh\7_project2\source\server\debug\vc142.pdb
f:\co_so_nganh\7_project2\source\server\debug\vc142.idb
f:\co_so_nganh\7_project2\source\server\debug\server.obj
f:\co_so_nganh\7_project2\source\server\debug\ecdh.obj
f:\co_so_nganh\7_project2\source\server\debug\aes.obj
f:\co_so_nganh\7_project2\source\server\debug\server.ilk
f:\co_so_nganh\7_project2\source\server\debug\server.exe
f:\co_so_nganh\7_project2\source\server\debug\server.pdb
f:\co_so_nganh\7_project2\project-ii\source\server\debug\aes.obj
f:\co_so_nganh\7_project2\project-ii\source\server\debug\ecdh.obj
f:\co_so_nganh\7_project2\project-ii\source\server\debug\server.obj
f:\co_so_nganh\7_project2\project-ii\source\server\debug\server.ilk
f:\co_so_nganh\7_project2\project-ii\source\server\debug\vc142.idb
f:\co_so_nganh\7_project2\project-ii\source\server\debug\server.pdb
f:\co_so_nganh\7_project2\project-ii\source\server\debug\vc142.pdb
f:\co_so_nganh\7_project2\project-ii\source\server\debug\server.exe
f:\co_so_nganh\7_project2\project-ii\source\server\debug\server.tlog\cl.command.1.tlog
f:\co_so_nganh\7_project2\project-ii\source\server\debug\server.tlog\cl.read.1.tlog
f:\co_so_nganh\7_project2\project-ii\source\server\debug\server.tlog\cl.write.1.tlog
f:\co_so_nganh\7_project2\project-ii\source\server\debug\server.tlog\link.command.1.tlog
f:\co_so_nganh\7_project2\project-ii\source\server\debug\server.tlog\link.read.1.tlog
f:\co_so_nganh\7_project2\project-ii\source\server\debug\server.tlog\link.write.1.tlog
